<?xml version="1.0" encoding="utf-8" standalone="no"?>
<!--This file represents the results of running a test suite-->
<test-results name="C:\Documents and Settings\gdake\git\litle-sdk-for-dotNet\greg\LitleSdkForNet\LitleSdkForNet.nunit" total="5" errors="0" failures="0" not-run="0" inconclusive="0" ignored="0" skipped="0" invalid="0" date="2012-04-13" time="04:16:33">
  <environment nunit-version="2.6.0.12051" clr-version="2.0.50727.3625" os-version="Microsoft Windows NT 5.1.2600 Service Pack 3" platform="Win32NT" cwd="C:\Documents and Settings\gdake\git\litle-sdk-for-dotNet\greg\LitleSdkForNet" machine-name="VM-GDAKE" user="gdake" user-domain="LITLE" />
  <culture-info current-culture="en-US" current-uiculture="en-US" />
  <test-suite type="Project" name="C:\Documents and Settings\gdake\git\litle-sdk-for-dotNet\greg\LitleSdkForNet\LitleSdkForNet.nunit" executed="True" result="Success" success="True" time="8.281" asserts="0">
    <results>
      <test-suite type="Assembly" name="C:\Documents and Settings\gdake\git\litle-sdk-for-dotNet\greg\LitleSdkForNet\LitleSdkForNetTest\bin\Release\LitleSdkForNetTest.exe" executed="True" result="Success" success="True" time="8.266" asserts="0">
        <results>
          <test-suite type="Namespace" name="LitleSdkForNetTest" executed="True" result="Success" success="True" time="8.266" asserts="0">
            <results>
              <test-suite type="Namespace" name="Certification" executed="True" result="Success" success="True" time="8.266" asserts="0">
                <results>
                  <test-suite type="TestFixture" name="TestCert3AuthReversal" executed="True" result="Success" success="True" time="8.266" asserts="0">
                    <results>
                      <test-case name="LitleSdkForNetTest.Certification.TestCert3AuthReversal.test32" executed="True" result="Success" success="True" time="3.828" asserts="9" />
                      <test-case name="LitleSdkForNetTest.Certification.TestCert3AuthReversal.test33" executed="True" result="Success" success="True" time="0.938" asserts="7" />
                      <test-case name="LitleSdkForNetTest.Certification.TestCert3AuthReversal.test34" executed="True" result="Success" success="True" time="0.922" asserts="7" />
                      <test-case name="LitleSdkForNetTest.Certification.TestCert3AuthReversal.test35" executed="True" result="Success" success="True" time="1.422" asserts="8" />
                      <test-case name="LitleSdkForNetTest.Certification.TestCert3AuthReversal.test36" executed="True" result="Success" success="True" time="0.922" asserts="4" />
                    </results>
                  </test-suite>
                </results>
              </test-suite>
            </results>
          </test-suite>
        </results>
      </test-suite>
    </results>
  </test-suite>
</test-results>