<?xml version="1.0" encoding="utf-8" standalone="no"?>
<!--This file represents the results of running a test suite-->
<test-results name="C:\Documents and Settings\gdake\git\litle-sdk-for-dotNet\greg\LitleSdkForNet\LitleSdkForNet.sln" total="3" errors="0" failures="0" not-run="0" inconclusive="0" ignored="0" skipped="0" invalid="0" date="2012-04-13" time="11:59:24">
  <environment nunit-version="2.6.0.12051" clr-version="2.0.50727.3625" os-version="Microsoft Windows NT 5.1.2600 Service Pack 3" platform="Win32NT" cwd="C:\Documents and Settings\gdake\git\litle-sdk-for-dotNet\greg\LitleSdkForNet" machine-name="VM-GDAKE" user="gdake" user-domain="LITLE" />
  <culture-info current-culture="en-US" current-uiculture="en-US" />
  <test-suite type="Project" name="C:\Documents and Settings\gdake\git\litle-sdk-for-dotNet\greg\LitleSdkForNet\LitleSdkForNet.sln" executed="True" result="Success" success="True" time="1.438" asserts="0">
    <results>
      <test-suite type="Assembly" name="C:\Documents and Settings\gdake\git\litle-sdk-for-dotNet\greg\LitleSdkForNet\LitleSdkForNetTest\bin\Debug\LitleSdkForDotNetTest.exe" executed="True" result="Success" success="True" time="1.438" asserts="0">
        <results>
          <test-suite type="Namespace" name="Litle" executed="True" result="Success" success="True" time="1.422" asserts="0">
            <results>
              <test-suite type="Namespace" name="Sdk" executed="True" result="Success" success="True" time="1.422" asserts="0">
                <results>
                  <test-suite type="Namespace" name="Test" executed="True" result="Success" success="True" time="1.422" asserts="0">
                    <results>
                      <test-suite type="Namespace" name="Functional" executed="True" result="Success" success="True" time="1.422" asserts="0">
                        <results>
                          <test-suite type="TestFixture" name="TestSimpleEcheckRedeposit" executed="True" result="Success" success="True" time="1.406" asserts="0">
                            <results>
                              <test-case name="Litle.Sdk.Test.Functional.TestSimpleEcheckRedeposit.echeckRedepositWithEcheck" executed="True" result="Success" success="True" time="0.500" asserts="1" />
                              <test-case name="Litle.Sdk.Test.Functional.TestSimpleEcheckRedeposit.echeckRedepositWithEcheckToken" executed="True" result="Success" success="True" time="0.453" asserts="1" />
                              <test-case name="Litle.Sdk.Test.Functional.TestSimpleEcheckRedeposit.simpleEcheckRedeposit" executed="True" result="Success" success="True" time="0.453" asserts="1" />
                            </results>
                          </test-suite>
                        </results>
                      </test-suite>
                    </results>
                  </test-suite>
                </results>
              </test-suite>
            </results>
          </test-suite>
        </results>
      </test-suite>
    </results>
  </test-suite>
</test-results>