<?xml version="1.0" encoding="utf-8" standalone="no"?>
<!--This file represents the results of running a test suite-->
<test-results name="C:\Documents and Settings\gdake\git\litle-sdk-for-dotNet\greg\LitleSdkForNet\LitleSdkForNet.nunit" total="92" errors="0" failures="0" not-run="0" inconclusive="0" ignored="0" skipped="0" invalid="0" date="2012-04-13" time="05:47:06">
  <environment nunit-version="2.6.0.12051" clr-version="2.0.50727.3625" os-version="Microsoft Windows NT 5.1.2600 Service Pack 3" platform="Win32NT" cwd="C:\Documents and Settings\gdake\git\litle-sdk-for-dotNet\greg\LitleSdkForNet" machine-name="VM-GDAKE" user="gdake" user-domain="LITLE" />
  <culture-info current-culture="en-US" current-uiculture="en-US" />
  <test-suite type="Project" name="C:\Documents and Settings\gdake\git\litle-sdk-for-dotNet\greg\LitleSdkForNet\LitleSdkForNet.nunit" executed="True" result="Success" success="True" time="85.709" asserts="0">
    <results>
      <test-suite type="Assembly" name="C:\Documents and Settings\gdake\git\litle-sdk-for-dotNet\greg\LitleSdkForNet\LitleSdkForNet\bin\Release\LitleSdkForNet.dll" executed="True" result="Inconclusive" success="False" time="0.016" asserts="0" />
      <test-suite type="Assembly" name="C:\Documents and Settings\gdake\git\litle-sdk-for-dotNet\greg\LitleSdkForNet\LitleSdkForNetTest\bin\Release\LitleSdkForNetTest.exe" executed="True" result="Success" success="True" time="85.678" asserts="0">
        <results>
          <test-suite type="Namespace" name="LitleSdkForNetTest" executed="True" result="Success" success="True" time="85.663" asserts="0">
            <results>
              <test-suite type="Namespace" name="Certification" executed="True" result="Success" success="True" time="84.194" asserts="0">
                <results>
                  <test-suite type="TestFixture" name="TestCert1Base" executed="True" result="Success" success="True" time="51.213" asserts="0">
                    <results>
                      <test-case name="LitleSdkForNetTest.Certification.TestCert1Base.test10" executed="True" result="Success" success="True" time="10.577" asserts="3" />
                      <test-case name="LitleSdkForNetTest.Certification.TestCert1Base.test11" executed="True" result="Success" success="True" time="0.781" asserts="3" />
                      <test-case name="LitleSdkForNetTest.Certification.TestCert1Base.test12" executed="True" result="Success" success="True" time="0.578" asserts="3" />
                      <test-case name="LitleSdkForNetTest.Certification.TestCert1Base.test13" executed="True" result="Success" success="True" time="0.437" asserts="3" />
                      <test-case name="LitleSdkForNetTest.Certification.TestCert1Base.Test1Auth" executed="True" result="Success" success="True" time="3.125" asserts="11" />
                      <test-case name="LitleSdkForNetTest.Certification.TestCert1Base.Test1AVS" executed="True" result="Success" success="True" time="0.594" asserts="5" />
                      <test-case name="LitleSdkForNetTest.Certification.TestCert1Base.test1Sale" executed="True" result="Success" success="True" time="1.687" asserts="9" />
                      <test-case name="LitleSdkForNetTest.Certification.TestCert1Base.test2Auth" executed="True" result="Success" success="True" time="2.125" asserts="11" />
                      <test-case name="LitleSdkForNetTest.Certification.TestCert1Base.test2AVS" executed="True" result="Success" success="True" time="0.641" asserts="5" />
                      <test-case name="LitleSdkForNetTest.Certification.TestCert1Base.test2Sale" executed="True" result="Success" success="True" time="1.531" asserts="9" />
                      <test-case name="LitleSdkForNetTest.Certification.TestCert1Base.test3Auth" executed="True" result="Success" success="True" time="1.953" asserts="11" />
                      <test-case name="LitleSdkForNetTest.Certification.TestCert1Base.test3AVS" executed="True" result="Success" success="True" time="0.969" asserts="5" />
                      <test-case name="LitleSdkForNetTest.Certification.TestCert1Base.test3Sale" executed="True" result="Success" success="True" time="2.656" asserts="9" />
                      <test-case name="LitleSdkForNetTest.Certification.TestCert1Base.test4Auth" executed="True" result="Success" success="True" time="4.734" asserts="10" />
                      <test-case name="LitleSdkForNetTest.Certification.TestCert1Base.test4AVS" executed="True" result="Success" success="True" time="0.594" asserts="4" />
                      <test-case name="LitleSdkForNetTest.Certification.TestCert1Base.test4Sale" executed="True" result="Success" success="True" time="1.906" asserts="8" />
                      <test-case name="LitleSdkForNetTest.Certification.TestCert1Base.test5Auth" executed="True" result="Success" success="True" time="4.937" asserts="11" />
                      <test-case name="LitleSdkForNetTest.Certification.TestCert1Base.test5AVS" executed="True" result="Success" success="True" time="0.484" asserts="5" />
                      <test-case name="LitleSdkForNetTest.Certification.TestCert1Base.test5Sale" executed="True" result="Success" success="True" time="3.375" asserts="9" />
                      <test-case name="LitleSdkForNetTest.Certification.TestCert1Base.test6Auth" executed="True" result="Success" success="True" time="0.516" asserts="4" />
                      <test-case name="LitleSdkForNetTest.Certification.TestCert1Base.test6Sale" executed="True" result="Success" success="True" time="0.906" asserts="6" />
                      <test-case name="LitleSdkForNetTest.Certification.TestCert1Base.test7Auth" executed="True" result="Success" success="True" time="0.500" asserts="4" />
                      <test-case name="LitleSdkForNetTest.Certification.TestCert1Base.test7AVS" executed="True" result="Success" success="True" time="0.500" asserts="4" />
                      <test-case name="LitleSdkForNetTest.Certification.TestCert1Base.test7Sale" executed="True" result="Success" success="True" time="1.562" asserts="4" />
                      <test-case name="LitleSdkForNetTest.Certification.TestCert1Base.test8Auth" executed="True" result="Success" success="True" time="0.516" asserts="4" />
                      <test-case name="LitleSdkForNetTest.Certification.TestCert1Base.test8AVS" executed="True" result="Success" success="True" time="0.500" asserts="4" />
                      <test-case name="LitleSdkForNetTest.Certification.TestCert1Base.test8Sale" executed="True" result="Success" success="True" time="0.469" asserts="4" />
                      <test-case name="LitleSdkForNetTest.Certification.TestCert1Base.test9Auth" executed="True" result="Success" success="True" time="0.484" asserts="3" />
                      <test-case name="LitleSdkForNetTest.Certification.TestCert1Base.test9AVS" executed="True" result="Success" success="True" time="0.516" asserts="3" />
                      <test-case name="LitleSdkForNetTest.Certification.TestCert1Base.test9Sale" executed="True" result="Success" success="True" time="0.469" asserts="3" />
                    </results>
                  </test-suite>
                  <test-suite type="TestFixture" name="TestCert2AuthEnhanced" executed="True" result="Success" success="True" time="9.640" asserts="0">
                    <results>
                      <test-case name="LitleSdkForNetTest.Certification.TestCert2AuthEnhanced.test14" executed="True" result="Success" success="True" time="0.547" asserts="6" />
                      <test-case name="LitleSdkForNetTest.Certification.TestCert2AuthEnhanced.test15" executed="True" result="Success" success="True" time="0.484" asserts="6" />
                      <test-case name="LitleSdkForNetTest.Certification.TestCert2AuthEnhanced.test16" executed="True" result="Success" success="True" time="0.703" asserts="6" />
                      <test-case name="LitleSdkForNetTest.Certification.TestCert2AuthEnhanced.test17" executed="True" result="Success" success="True" time="0.469" asserts="6" />
                      <test-case name="LitleSdkForNetTest.Certification.TestCert2AuthEnhanced.test18" executed="True" result="Success" success="True" time="0.500" asserts="6" />
                      <test-case name="LitleSdkForNetTest.Certification.TestCert2AuthEnhanced.test19" executed="True" result="Success" success="True" time="0.500" asserts="6" />
                      <test-case name="LitleSdkForNetTest.Certification.TestCert2AuthEnhanced.test20" executed="True" result="Success" success="True" time="0.531" asserts="6" />
                      <test-case name="LitleSdkForNetTest.Certification.TestCert2AuthEnhanced.test21" executed="True" result="Success" success="True" time="0.500" asserts="3" />
                      <test-case name="LitleSdkForNetTest.Certification.TestCert2AuthEnhanced.test22" executed="True" result="Success" success="True" time="0.500" asserts="3" />
                      <test-case name="LitleSdkForNetTest.Certification.TestCert2AuthEnhanced.test23" executed="True" result="Success" success="True" time="0.500" asserts="3" />
                      <test-case name="LitleSdkForNetTest.Certification.TestCert2AuthEnhanced.test24" executed="True" result="Success" success="True" time="0.500" asserts="3" />
                      <test-case name="LitleSdkForNetTest.Certification.TestCert2AuthEnhanced.test25" executed="True" result="Success" success="True" time="0.484" asserts="3" />
                      <test-case name="LitleSdkForNetTest.Certification.TestCert2AuthEnhanced.test26" executed="True" result="Success" success="True" time="0.531" asserts="2" />
                      <test-case name="LitleSdkForNetTest.Certification.TestCert2AuthEnhanced.test27" executed="True" result="Success" success="True" time="0.594" asserts="2" />
                      <test-case name="LitleSdkForNetTest.Certification.TestCert2AuthEnhanced.test28" executed="True" result="Success" success="True" time="0.578" asserts="2" />
                      <test-case name="LitleSdkForNetTest.Certification.TestCert2AuthEnhanced.test29" executed="True" result="Success" success="True" time="0.484" asserts="2" />
                      <test-case name="LitleSdkForNetTest.Certification.TestCert2AuthEnhanced.test30" executed="True" result="Success" success="True" time="0.484" asserts="2" />
                      <test-case name="LitleSdkForNetTest.Certification.TestCert2AuthEnhanced.test31" executed="True" result="Success" success="True" time="0.500" asserts="3" />
                    </results>
                  </test-suite>
                  <test-suite type="TestFixture" name="TestCert3AuthReversal" executed="True" result="Success" success="True" time="7.124" asserts="0">
                    <results>
                      <test-case name="LitleSdkForNetTest.Certification.TestCert3AuthReversal.test32" executed="True" result="Success" success="True" time="1.656" asserts="9" />
                      <test-case name="LitleSdkForNetTest.Certification.TestCert3AuthReversal.test33" executed="True" result="Success" success="True" time="1.344" asserts="7" />
                      <test-case name="LitleSdkForNetTest.Certification.TestCert3AuthReversal.test34" executed="True" result="Success" success="True" time="1.156" asserts="7" />
                      <test-case name="LitleSdkForNetTest.Certification.TestCert3AuthReversal.test35" executed="True" result="Success" success="True" time="1.734" asserts="8" />
                      <test-case name="LitleSdkForNetTest.Certification.TestCert3AuthReversal.test36" executed="True" result="Success" success="True" time="1.109" asserts="4" />
                    </results>
                  </test-suite>
                  <test-suite type="TestFixture" name="TestCert4Echeck" executed="True" result="Success" success="True" time="8.015" asserts="0">
                    <results>
                      <test-case name="LitleSdkForNetTest.Certification.TestCert4Echeck.test37" executed="True" result="Success" success="True" time="0.562" asserts="2" />
                      <test-case name="LitleSdkForNetTest.Certification.TestCert4Echeck.test38" executed="True" result="Success" success="True" time="0.484" asserts="2" />
                      <test-case name="LitleSdkForNetTest.Certification.TestCert4Echeck.test39" executed="True" result="Success" success="True" time="0.500" asserts="2" />
                      <test-case name="LitleSdkForNetTest.Certification.TestCert4Echeck.test40" executed="True" result="Success" success="True" time="0.516" asserts="2" />
                      <test-case name="LitleSdkForNetTest.Certification.TestCert4Echeck.test41" executed="True" result="Success" success="True" time="0.500" asserts="2" />
                      <test-case name="LitleSdkForNetTest.Certification.TestCert4Echeck.test42" executed="True" result="Success" success="True" time="0.547" asserts="2" />
                      <test-case name="LitleSdkForNetTest.Certification.TestCert4Echeck.test43" executed="True" result="Success" success="True" time="0.484" asserts="2" />
                      <test-case name="LitleSdkForNetTest.Certification.TestCert4Echeck.test44" executed="True" result="Success" success="True" time="1.390" asserts="2" />
                      <test-case name="LitleSdkForNetTest.Certification.TestCert4Echeck.test45" executed="True" result="Success" success="True" time="0.875" asserts="2" />
                      <test-case name="LitleSdkForNetTest.Certification.TestCert4Echeck.test46" executed="True" result="Success" success="True" time="0.531" asserts="2" />
                      <test-case name="LitleSdkForNetTest.Certification.TestCert4Echeck.test47" executed="True" result="Success" success="True" time="0.531" asserts="2" />
                      <test-case name="LitleSdkForNetTest.Certification.TestCert4Echeck.test48" executed="True" result="Success" success="True" time="0.500" asserts="2" />
                      <test-case name="LitleSdkForNetTest.Certification.TestCert4Echeck.test49" executed="True" result="Success" success="True" time="0.453" asserts="2" />
                    </results>
                  </test-suite>
                  <test-suite type="TestFixture" name="TestCert5Token" executed="True" result="Success" success="True" time="8.124" asserts="0">
                    <results>
                      <test-case name="LitleSdkForNetTest.Certification.TestCert5Token.test50" executed="True" result="Success" success="True" time="0.594" asserts="5" />
                      <test-case name="LitleSdkForNetTest.Certification.TestCert5Token.test51" executed="True" result="Success" success="True" time="0.516" asserts="2" />
                      <test-case name="LitleSdkForNetTest.Certification.TestCert5Token.test52" executed="True" result="Success" success="True" time="0.469" asserts="5" />
                      <test-case name="LitleSdkForNetTest.Certification.TestCert5Token.test53" executed="True" result="Success" success="True" time="0.500" asserts="5" />
                      <test-case name="LitleSdkForNetTest.Certification.TestCert5Token.test54" executed="True" result="Success" success="True" time="0.594" asserts="2" />
                      <test-case name="LitleSdkForNetTest.Certification.TestCert5Token.test55" executed="True" result="Success" success="True" time="0.672" asserts="6" />
                      <test-case name="LitleSdkForNetTest.Certification.TestCert5Token.test56" executed="True" result="Success" success="True" time="0.516" asserts="2" />
                      <test-case name="LitleSdkForNetTest.Certification.TestCert5Token.test57" executed="True" result="Success" success="True" time="0.797" asserts="6" />
                      <test-case name="LitleSdkForNetTest.Certification.TestCert5Token.test59" executed="True" result="Success" success="True" time="0.531" asserts="2" />
                      <test-case name="LitleSdkForNetTest.Certification.TestCert5Token.test60" executed="True" result="Success" success="True" time="0.547" asserts="2" />
                      <test-case name="LitleSdkForNetTest.Certification.TestCert5Token.test61" executed="True" result="Success" success="True" time="0.562" asserts="4" />
                      <test-case name="LitleSdkForNetTest.Certification.TestCert5Token.test62" executed="True" result="Success" success="True" time="0.609" asserts="5" />
                      <test-case name="LitleSdkForNetTest.Certification.TestCert5Token.test63" executed="True" result="Success" success="True" time="0.609" asserts="5" />
                    </results>
                  </test-suite>
                </results>
              </test-suite>
              <test-suite type="Namespace" name="Functional" executed="True" result="Success" success="True" time="1.390" asserts="0">
                <results>
                  <test-suite type="TestFixture" name="TestAuth" executed="True" result="Inconclusive" success="False" time="0.000" asserts="0" />
                  <test-suite type="TestFixture" name="TestAuthReversal" executed="True" result="Success" success="True" time="0.000" asserts="0">
                    <results>
                      <test-case name="LitleSdkForNetTest.Functional.TestAuthReversal.SimpleAuthReversal" executed="True" result="Success" success="True" time="0.000" asserts="0" />
                    </results>
                  </test-suite>
                  <test-suite type="TestFixture" name="TestCapture" executed="True" result="Success" success="True" time="0.000" asserts="0">
                    <results>
                      <test-case name="LitleSdkForNetTest.Functional.TestCapture.SimpleCapture" executed="True" result="Success" success="True" time="0.000" asserts="0" />
                    </results>
                  </test-suite>
                  <test-suite type="TestFixture" name="TestCaptureGivenAuth" executed="True" result="Success" success="True" time="0.000" asserts="0">
                    <results>
                      <test-case name="LitleSdkForNetTest.Functional.TestCaptureGivenAuth.SimpleCaptureGivenAuthWithCard" executed="True" result="Success" success="True" time="0.000" asserts="0" />
                    </results>
                  </test-suite>
                  <test-suite type="TestFixture" name="TestCredit" executed="True" result="Success" success="True" time="0.000" asserts="0">
                    <results>
                      <test-case name="LitleSdkForNetTest.Functional.TestCredit.SimpleCreditWithCard" executed="True" result="Success" success="True" time="0.000" asserts="0" />
                    </results>
                  </test-suite>
                  <test-suite type="TestFixture" name="TestEcheckCredit" executed="True" result="Success" success="True" time="0.000" asserts="0">
                    <results>
                      <test-case name="LitleSdkForNetTest.Functional.TestEcheckCredit.SimpleEcheckCredit" executed="True" result="Success" success="True" time="0.000" asserts="0" />
                    </results>
                  </test-suite>
                  <test-suite type="TestFixture" name="TestEcheckSale" executed="True" result="Success" success="True" time="0.000" asserts="0">
                    <results>
                      <test-case name="LitleSdkForNetTest.Functional.TestEcheckSale.SimpleEcheckSaleWithEcheck" executed="True" result="Success" success="True" time="0.000" asserts="0" />
                    </results>
                  </test-suite>
                  <test-suite type="TestFixture" name="TestEcheckVerification" executed="True" result="Success" success="True" time="0.016" asserts="0">
                    <results>
                      <test-case name="LitleSdkForNetTest.Functional.TestEcheckVerification.SimpleEcheckVerification" executed="True" result="Success" success="True" time="0.000" asserts="0" />
                    </results>
                  </test-suite>
                  <test-suite type="TestFixture" name="TestForceCapture" executed="True" result="Success" success="True" time="1.281" asserts="0">
                    <results>
                      <test-case name="LitleSdkForNetTest.Functional.TestForceCapture.simpleForceCaptureWithCard" executed="True" result="Success" success="True" time="0.656" asserts="1" />
                      <test-case name="LitleSdkForNetTest.Functional.TestForceCapture.simpleForceCaptureWithToken" executed="True" result="Success" success="True" time="0.594" asserts="1" />
                    </results>
                  </test-suite>
                  <test-suite type="TestFixture" name="TestSale" executed="True" result="Success" success="True" time="0.000" asserts="0">
                    <results>
                      <test-case name="LitleSdkForNetTest.Functional.TestSale.SimpleWithCard" executed="True" result="Success" success="True" time="0.000" asserts="0" />
                    </results>
                  </test-suite>
                  <test-suite type="TestFixture" name="TestSimpleEcheckRedeposit" executed="True" result="Success" success="True" time="0.000" asserts="0">
                    <results>
                      <test-case name="LitleSdkForNetTest.Functional.TestSimpleEcheckRedeposit.SimpleEcheckRedeposit" executed="True" result="Success" success="True" time="0.000" asserts="0" />
                    </results>
                  </test-suite>
                  <test-suite type="TestFixture" name="TestToken" executed="True" result="Success" success="True" time="0.000" asserts="0">
                    <results>
                      <test-case name="LitleSdkForNetTest.Functional.TestToken.SimpleToken" executed="True" result="Success" success="True" time="0.000" asserts="0" />
                    </results>
                  </test-suite>
                </results>
              </test-suite>
              <test-suite type="Namespace" name="Unit" executed="True" result="Success" success="True" time="0.031" asserts="0">
                <results>
                  <test-suite type="TestFixture" name="TestCert1Base" executed="True" result="Success" success="True" time="0.031" asserts="0">
                    <results>
                      <test-case name="LitleSdkForNetTest.Unit.TestCert1Base.Test1Auth" executed="True" result="Success" success="True" time="0.000" asserts="0" />
                    </results>
                  </test-suite>
                </results>
              </test-suite>
            </results>
          </test-suite>
        </results>
      </test-suite>
    </results>
  </test-suite>
</test-results>