<?xml version="1.0" encoding="utf-8" standalone="no"?>
<!--This file represents the results of running a test suite-->
<test-results name="C:\Documents and Settings\gdake\git\litle-sdk-for-dotNet\greg\LitleSdkForNet\LitleSdkForNet.nunit" total="12" errors="0" failures="0" not-run="0" inconclusive="0" ignored="0" skipped="0" invalid="0" date="2012-04-13" time="05:19:49">
  <environment nunit-version="2.6.0.12051" clr-version="2.0.50727.3625" os-version="Microsoft Windows NT 5.1.2600 Service Pack 3" platform="Win32NT" cwd="C:\Documents and Settings\gdake\git\litle-sdk-for-dotNet\greg\LitleSdkForNet" machine-name="VM-GDAKE" user="gdake" user-domain="LITLE" />
  <culture-info current-culture="en-US" current-uiculture="en-US" />
  <test-suite type="Project" name="C:\Documents and Settings\gdake\git\litle-sdk-for-dotNet\greg\LitleSdkForNet\LitleSdkForNet.nunit" executed="True" result="Success" success="True" time="3.578" asserts="0">
    <results>
      <test-suite type="Assembly" name="C:\Documents and Settings\gdake\git\litle-sdk-for-dotNet\greg\LitleSdkForNet\LitleSdkForNetTest\bin\Release\LitleSdkForNetTest.exe" executed="True" result="Success" success="True" time="3.563" asserts="0">
        <results>
          <test-suite type="Namespace" name="LitleSdkForNetTest" executed="True" result="Success" success="True" time="3.563" asserts="0">
            <results>
              <test-suite type="Namespace" name="Functional" executed="True" result="Success" success="True" time="3.563" asserts="0">
                <results>
                  <test-suite type="TestFixture" name="TestAuth" executed="True" result="Inconclusive" success="False" time="0.000" asserts="0" />
                  <test-suite type="TestFixture" name="TestAuthReversal" executed="True" result="Success" success="True" time="0.000" asserts="0">
                    <results>
                      <test-case name="LitleSdkForNetTest.Functional.TestAuthReversal.SimpleAuthReversal" executed="True" result="Success" success="True" time="0.000" asserts="0" />
                    </results>
                  </test-suite>
                  <test-suite type="TestFixture" name="TestCapture" executed="True" result="Success" success="True" time="0.000" asserts="0">
                    <results>
                      <test-case name="LitleSdkForNetTest.Functional.TestCapture.SimpleCapture" executed="True" result="Success" success="True" time="0.000" asserts="0" />
                    </results>
                  </test-suite>
                  <test-suite type="TestFixture" name="TestCaptureGivenAuth" executed="True" result="Success" success="True" time="0.000" asserts="0">
                    <results>
                      <test-case name="LitleSdkForNetTest.Functional.TestCaptureGivenAuth.SimpleCaptureGivenAuthWithCard" executed="True" result="Success" success="True" time="0.000" asserts="0" />
                    </results>
                  </test-suite>
                  <test-suite type="TestFixture" name="TestCredit" executed="True" result="Success" success="True" time="0.000" asserts="0">
                    <results>
                      <test-case name="LitleSdkForNetTest.Functional.TestCredit.SimpleCreditWithCard" executed="True" result="Success" success="True" time="0.000" asserts="0" />
                    </results>
                  </test-suite>
                  <test-suite type="TestFixture" name="TestEcheckCredit" executed="True" result="Success" success="True" time="0.016" asserts="0">
                    <results>
                      <test-case name="LitleSdkForNetTest.Functional.TestEcheckCredit.SimpleEcheckCredit" executed="True" result="Success" success="True" time="0.000" asserts="0" />
                    </results>
                  </test-suite>
                  <test-suite type="TestFixture" name="TestEcheckSale" executed="True" result="Success" success="True" time="0.000" asserts="0">
                    <results>
                      <test-case name="LitleSdkForNetTest.Functional.TestEcheckSale.SimpleEcheckSaleWithEcheck" executed="True" result="Success" success="True" time="0.000" asserts="0" />
                    </results>
                  </test-suite>
                  <test-suite type="TestFixture" name="TestEcheckVerification" executed="True" result="Success" success="True" time="0.000" asserts="0">
                    <results>
                      <test-case name="LitleSdkForNetTest.Functional.TestEcheckVerification.SimpleEcheckVerification" executed="True" result="Success" success="True" time="0.000" asserts="0" />
                    </results>
                  </test-suite>
                  <test-suite type="TestFixture" name="TestForceCapture" executed="True" result="Success" success="True" time="3.484" asserts="0">
                    <results>
                      <test-case name="LitleSdkForNetTest.Functional.TestForceCapture.simpleForceCaptureWithCard" executed="True" result="Success" success="True" time="2.813" asserts="1" />
                      <test-case name="LitleSdkForNetTest.Functional.TestForceCapture.simpleForceCaptureWithToken" executed="True" result="Success" success="True" time="0.469" asserts="1" />
                    </results>
                  </test-suite>
                  <test-suite type="TestFixture" name="TestSale" executed="True" result="Success" success="True" time="0.000" asserts="0">
                    <results>
                      <test-case name="LitleSdkForNetTest.Functional.TestSale.SimpleWithCard" executed="True" result="Success" success="True" time="0.000" asserts="0" />
                    </results>
                  </test-suite>
                  <test-suite type="TestFixture" name="TestSimpleEcheckRedeposit" executed="True" result="Success" success="True" time="0.000" asserts="0">
                    <results>
                      <test-case name="LitleSdkForNetTest.Functional.TestSimpleEcheckRedeposit.SimpleEcheckRedeposit" executed="True" result="Success" success="True" time="0.000" asserts="0" />
                    </results>
                  </test-suite>
                  <test-suite type="TestFixture" name="TestToken" executed="True" result="Success" success="True" time="0.016" asserts="0">
                    <results>
                      <test-case name="LitleSdkForNetTest.Functional.TestToken.SimpleToken" executed="True" result="Success" success="True" time="0.000" asserts="0" />
                    </results>
                  </test-suite>
                </results>
              </test-suite>
            </results>
          </test-suite>
        </results>
      </test-suite>
    </results>
  </test-suite>
</test-results>